No stats for Northern Arizona - skipping Arizona State vs Northern Arizona at ./scripts/parse_schedule.pl line 60, <CSV> line 2.
No stats for Sacramento State - skipping Boise State vs Sacramento State at ./scripts/parse_schedule.pl line 60, <CSV> line 4.
No stats for Rhode Island - skipping Connecticut vs Rhode Island at ./scripts/parse_schedule.pl line 60, <CSV> line 7.
No stats for Alcorn State - skipping Louisiana-Monroe vs Alcorn State at ./scripts/parse_schedule.pl line 60, <CSV> line 9.
No stats for Southeastern Louisiana - skipping New Mexico State vs Southeastern Louisiana at ./scripts/parse_schedule.pl line 60, <CSV> line 12.
No stats for Eastern Washington - skipping Oregon State vs Eastern Washington at ./scripts/parse_schedule.pl line 60, <CSV> line 14.
No stats for Stephen F. Austin - skipping Tulsa vs Stephen F. Austin at ./scripts/parse_schedule.pl line 60, <CSV> line 17.
No stats for Villanova - skipping Central Florida vs Villanova at ./scripts/parse_schedule.pl line 60, <CSV> line 23.
No stats for Eastern Kentucky - skipping Cincinnati vs Eastern Kentucky at ./scripts/parse_schedule.pl line 60, <CSV> line 24.
No stats for Weber State - skipping Colorado State vs Weber State at ./scripts/parse_schedule.pl line 60, <CSV> line 26.
No stats for Western Kentucky - skipping Georgia vs Western Kentucky at ./scripts/parse_schedule.pl line 60, <CSV> line 28.
No stats for Eastern Illinois - skipping Illinois vs Eastern Illinois at ./scripts/parse_schedule.pl line 60, <CSV> line 30.
No stats for Montana - skipping Iowa vs Montana at ./scripts/parse_schedule.pl line 60, <CSV> line 32.
No stats for Northwestern State - skipping Kansas vs Northwestern State at ./scripts/parse_schedule.pl line 60, <CSV> line 33.
No stats for Illinois State - skipping Kansas State vs Illinois State at ./scripts/parse_schedule.pl line 60, <CSV> line 34.
No stats for William & Mary - skipping Maryland vs William & Mary at ./scripts/parse_schedule.pl line 60, <CSV> line 36.
No stats for Murray State - skipping Missouri vs Murray State at ./scripts/parse_schedule.pl line 60, <CSV> line 39.
No stats for Montana State - skipping Montana State vs Colorado at ./scripts/parse_schedule.pl line 56, <CSV> line 40.
No stats for Idaho State - skipping Nevada-Las Vegas vs Idaho State at ./scripts/parse_schedule.pl line 60, <CSV> line 43.
No stats for Appalachian State - skipping North Carolina State vs Appalachian State at ./scripts/parse_schedule.pl line 60, <CSV> line 44.
No stats for Tennessee-Martin - skipping Ohio vs Tennessee-Martin at ./scripts/parse_schedule.pl line 60, <CSV> line 46.
No stats for Missouri State - skipping Oklahoma State vs Missouri State at ./scripts/parse_schedule.pl line 60, <CSV> line 49.
No stats for Portland State - skipping Portland State vs New Mexico at ./scripts/parse_schedule.pl line 56, <CSV> line 53.
No stats for Indiana State - skipping Purdue vs Indiana State at ./scripts/parse_schedule.pl line 60, <CSV> line 54.
No stats for Richmond - skipping Richmond vs Duke at ./scripts/parse_schedule.pl line 56, <CSV> line 55.
No stats for McNeese State - skipping South Florida vs McNeese State at ./scripts/parse_schedule.pl line 60, <CSV> line 57.
No stats for Citadel - skipping Texas A&M vs Citadel at ./scripts/parse_schedule.pl line 60, <CSV> line 61.
No stats for Alabama State - skipping Troy vs Alabama State at ./scripts/parse_schedule.pl line 60, <CSV> line 63.
No stats for Northeastern - skipping Virginia Tech vs Northeastern at ./scripts/parse_schedule.pl line 60, <CSV> line 65.
No stats for Northwestern State - skipping Baylor vs Northwestern State at ./scripts/parse_schedule.pl line 60, <CSV> line 85.
No stats for Samford - skipping Georgia Tech vs Samford at ./scripts/parse_schedule.pl line 60, <CSV> line 94.
No stats for Texas State - skipping Kentucky vs Texas State at ./scripts/parse_schedule.pl line 60, <CSV> line 101.
No stats for Hofstra - skipping Marshall vs Hofstra at ./scripts/parse_schedule.pl line 60, <CSV> line 104.
No stats for Chattanooga - skipping Memphis vs Chattanooga at ./scripts/parse_schedule.pl line 60, <CSV> line 106.
No stats for Florida A&M - skipping Miami (FL) vs Florida A&M at ./scripts/parse_schedule.pl line 60, <CSV> line 107.
No stats for Massachusetts - skipping Navy vs Massachusetts at ./scripts/parse_schedule.pl line 60, <CSV> line 111.
No stats for Nicholls State - skipping Nebraska vs Nicholls State at ./scripts/parse_schedule.pl line 60, <CSV> line 112.
No stats for New Hampshire - skipping New Hampshire vs Northwestern at ./scripts/parse_schedule.pl line 56, <CSV> line 113.
No stats for Southeastern Louisiana - skipping Southern Mississippi vs Southeastern Louisiana at ./scripts/parse_schedule.pl line 60, <CSV> line 126.
No stats for California-Davis - skipping Texas Christian vs California-Davis at ./scripts/parse_schedule.pl line 60, <CSV> line 129.
No stats for Northern Arizona - skipping Utah vs Northern Arizona at ./scripts/parse_schedule.pl line 60, <CSV> line 132.
No stats for Eastern Washington - skipping West Virginia vs Eastern Washington at ./scripts/parse_schedule.pl line 60, <CSV> line 137.
No stats for Western Illinois - skipping Wisconsin vs Western Illinois at ./scripts/parse_schedule.pl line 60, <CSV> line 139.
No stats for Tennessee Tech - skipping Middle Tennessee State vs Tennessee Tech at ./scripts/parse_schedule.pl line 60, <CSV> line 141.
No stats for Stephen F. Austin - skipping Arizona vs Stephen F. Austin at ./scripts/parse_schedule.pl line 60, <CSV> line 145.
No stats for Portland State - skipping California vs Portland State at ./scripts/parse_schedule.pl line 60, <CSV> line 152.
No stats for Grambling State - skipping Houston vs Grambling State at ./scripts/parse_schedule.pl line 60, <CSV> line 160.
No stats for Idaho State - skipping Idaho vs Idaho State at ./scripts/parse_schedule.pl line 60, <CSV> line 161.
No stats for Nicholls State - skipping Louisiana Tech vs Nicholls State at ./scripts/parse_schedule.pl line 60, <CSV> line 166.
No stats for Texas Southern - skipping New Mexico State vs Texas Southern at ./scripts/parse_schedule.pl line 60, <CSV> line 174.
No stats for Furman - skipping North Carolina vs Furman at ./scripts/parse_schedule.pl line 60, <CSV> line 175.
No stats for Youngstown State - skipping Penn State vs Youngstown State at ./scripts/parse_schedule.pl line 60, <CSV> line 181.
No stats for Wofford - skipping South Carolina vs Wofford at ./scripts/parse_schedule.pl line 60, <CSV> line 184.
No stats for Southern Illinois - skipping Southern Illinois vs Indiana at ./scripts/parse_schedule.pl line 56, <CSV> line 187.
No stats for Sam Houston State - skipping Southern Methodist vs Sam Houston State at ./scripts/parse_schedule.pl line 60, <CSV> line 188.
No stats for North Carolina A&T - skipping Louisiana-Lafayette vs North Carolina A&T at ./scripts/parse_schedule.pl line 60, <CSV> line 225.
No stats for North Dakota State - skipping North Dakota State vs Ball State at ./scripts/parse_schedule.pl line 56, <CSV> line 234.
No stats for Indiana State - skipping Northern Illinois vs Indiana State at ./scripts/parse_schedule.pl line 60, <CSV> line 235.
No stats for Citadel - skipping Pittsburgh vs Citadel at ./scripts/parse_schedule.pl line 60, <CSV> line 240.
No stats for Howard - skipping Rutgers vs Howard at ./scripts/parse_schedule.pl line 60, <CSV> line 242.
No stats for Cal Poly - skipping San Jose State vs Cal Poly at ./scripts/parse_schedule.pl line 60, <CSV> line 243.
No stats for Southeastern Louisiana - skipping Texas Tech vs Southeastern Louisiana at ./scripts/parse_schedule.pl line 60, <CSV> line 251.
No stats for McNeese State - skipping Toledo vs McNeese State at ./scripts/parse_schedule.pl line 60, <CSV> line 252.
No stats for Tennessee State - skipping Vanderbilt vs Tennessee State at ./scripts/parse_schedule.pl line 60, <CSV> line 255.
No stats for Maine - skipping Boston College vs Maine at ./scripts/parse_schedule.pl line 60, <CSV> line 272.
No stats for Eastern Illinois - skipping Hawaii vs Eastern Illinois at ./scripts/parse_schedule.pl line 60, <CSV> line 282.
No stats for Northern Iowa - skipping Iowa State vs Northern Iowa at ./scripts/parse_schedule.pl line 60, <CSV> line 285.
No stats for Sam Houston State - skipping Texas vs Sam Houston State at ./scripts/parse_schedule.pl line 60, <CSV> line 309.
No stats for Liberty - skipping Wake Forest vs Liberty at ./scripts/parse_schedule.pl line 60, <CSV> line 315.
No stats for Virginia Military Institute - skipping Army vs Virginia Military Institute at ./scripts/parse_schedule.pl line 60, <CSV> line 328.
No stats for Southern Utah - skipping Florida Atlantic vs Southern Utah at ./scripts/parse_schedule.pl line 60, <CSV> line 379.
No stats for Southeast Missouri State - skipping Arkansas vs Southeast Missouri State at ./scripts/parse_schedule.pl line 60, <CSV> line 383.
No stats for Jacksonville State - skipping Mississippi State vs Jacksonville State at ./scripts/parse_schedule.pl line 60, <CSV> line 401.
No stats for North Dakota State - skipping Minnesota vs North Dakota State at ./scripts/parse_schedule.pl line 60, <CSV> line 462.
No stats for Cal Poly - skipping Cal Poly vs San Diego State at ./scripts/parse_schedule.pl line 56, <CSV> line 498.
No stats for Portland State - skipping Oregon vs Portland State at ./scripts/parse_schedule.pl line 60, <CSV> line 522.
No stats for Northwestern State - skipping Mississippi vs Northwestern State at ./scripts/parse_schedule.pl line 60, <CSV> line 571.
No stats for Western Carolina - skipping Florida vs Western Carolina at ./scripts/parse_schedule.pl line 60, <CSV> line 668.
