No stats for William & Mary - skipping Marshall vs William & Mary at ./scripts/parse_schedule.pl line 60, <CSV> line 5.
No stats for Northwestern State - skipping Northwestern State vs Louisiana-Monroe at ./scripts/parse_schedule.pl line 56, <CSV> line 7.
No stats for Western Illinois - skipping Toledo vs Western Illinois at ./scripts/parse_schedule.pl line 60, <CSV> line 10.
No stats for Missouri State - skipping Arkansas vs Missouri State at ./scripts/parse_schedule.pl line 60, <CSV> line 17.
No stats for Sacramento State - skipping California vs Sacramento State at ./scripts/parse_schedule.pl line 60, <CSV> line 20.
No stats for Illinois State - skipping Iowa State vs Illinois State at ./scripts/parse_schedule.pl line 60, <CSV> line 29.
No stats for Murray State - skipping Mississippi State vs Murray State at ./scripts/parse_schedule.pl line 60, <CSV> line 35.
No stats for Maine - skipping Nebraska vs Maine at ./scripts/parse_schedule.pl line 60, <CSV> line 37.
No stats for Montana State - skipping Oklahoma State vs Montana State at ./scripts/parse_schedule.pl line 60, <CSV> line 41.
No stats for Portland State - skipping Oregon State vs Portland State at ./scripts/parse_schedule.pl line 60, <CSV> line 42.
No stats for Eastern Washington - skipping San Jose State vs Eastern Washington at ./scripts/parse_schedule.pl line 60, <CSV> line 44.
No stats for Cal Poly - skipping Troy vs Cal Poly at ./scripts/parse_schedule.pl line 60, <CSV> line 50.
No stats for Northern Arizona - skipping Arizona vs Northern Arizona at ./scripts/parse_schedule.pl line 60, <CSV> line 67.
No stats for Tennessee-Martin - skipping Arkansas State vs Tennessee-Martin at ./scripts/parse_schedule.pl line 60, <CSV> line 68.
No stats for Samford - skipping Baylor vs Samford at ./scripts/parse_schedule.pl line 60, <CSV> line 70.
No stats for Eastern Illinois - skipping Brigham Young vs Eastern Illinois at ./scripts/parse_schedule.pl line 60, <CSV> line 73.
No stats for Liberty - skipping Connecticut vs Liberty at ./scripts/parse_schedule.pl line 60, <CSV> line 78.
No stats for Citadel - skipping Florida State vs Citadel at ./scripts/parse_schedule.pl line 60, <CSV> line 81.
No stats for Weber State - skipping Fresno State vs Weber State at ./scripts/parse_schedule.pl line 60, <CSV> line 82.
No stats for Sam Houston State - skipping Houston vs Sam Houston State at ./scripts/parse_schedule.pl line 60, <CSV> line 85.
No stats for Nicholls State - skipping Indiana vs Nicholls State at ./scripts/parse_schedule.pl line 60, <CSV> line 87.
No stats for Appalachian State - skipping Kansas vs Appalachian State at ./scripts/parse_schedule.pl line 60, <CSV> line 89.
No stats for Southeast Missouri State - skipping Kent State vs Southeast Missouri State at ./scripts/parse_schedule.pl line 60, <CSV> line 91.
No stats for Idaho State - skipping Kentucky vs Idaho State at ./scripts/parse_schedule.pl line 60, <CSV> line 92.
No stats for Montana - skipping Oregon vs Montana at ./scripts/parse_schedule.pl line 60, <CSV> line 103.
No stats for Villanova - skipping Rutgers vs Villanova at ./scripts/parse_schedule.pl line 60, <CSV> line 107.
No stats for Florida A&M - skipping South Florida vs Florida A&M at ./scripts/parse_schedule.pl line 60, <CSV> line 108.
No stats for Wofford - skipping West Virginia vs Wofford at ./scripts/parse_schedule.pl line 60, <CSV> line 119.
No stats for Jacksonville State - skipping Alabama-Birmingham vs Jacksonville State at ./scripts/parse_schedule.pl line 60, <CSV> line 127.
No stats for California-Davis - skipping California-Davis vs Stanford at ./scripts/parse_schedule.pl line 56, <CSV> line 132.
No stats for Western Carolina - skipping Cincinnati vs Western Carolina at ./scripts/parse_schedule.pl line 60, <CSV> line 133.
No stats for Virginia Military Institute - skipping Duke vs Virginia Military Institute at ./scripts/parse_schedule.pl line 60, <CSV> line 134.
No stats for Northern Iowa - skipping Iowa vs Northern Iowa at ./scripts/parse_schedule.pl line 60, <CSV> line 140.
No stats for Northwestern State - skipping Louisiana-Lafayette vs Northwestern State at ./scripts/parse_schedule.pl line 60, <CSV> line 142.
No stats for Chattanooga - skipping Memphis vs Chattanooga at ./scripts/parse_schedule.pl line 60, <CSV> line 144.
No stats for Eastern Kentucky - skipping North Carolina State vs Eastern Kentucky at ./scripts/parse_schedule.pl line 60, <CSV> line 155.
No stats for Tennessee Tech - skipping Northern Illinois vs Tennessee Tech at ./scripts/parse_schedule.pl line 60, <CSV> line 156.
No stats for McNeese State - skipping Southern Mississippi vs McNeese State at ./scripts/parse_schedule.pl line 60, <CSV> line 165.
No stats for Sam Houston State - skipping Texas Tech vs Sam Houston State at ./scripts/parse_schedule.pl line 60, <CSV> line 168.
No stats for Grambling State - skipping Washington State vs Grambling State at ./scripts/parse_schedule.pl line 60, <CSV> line 177.
No stats for Southern Illinois - skipping Western Michigan vs Southern Illinois at ./scripts/parse_schedule.pl line 60, <CSV> line 179.
No stats for Texas State - skipping Texas A&M vs Texas State at ./scripts/parse_schedule.pl line 60, <CSV> line 185.
No stats for Western Kentucky - skipping Auburn vs Western Kentucky at ./scripts/parse_schedule.pl line 60, <CSV> line 193.
No stats for Youngstown State - skipping Pittsburgh vs Youngstown State at ./scripts/parse_schedule.pl line 60, <CSV> line 211.
No stats for Indiana State - skipping Texas Tech vs Indiana State at ./scripts/parse_schedule.pl line 60, <CSV> line 217.
No stats for Richmond - skipping Vanderbilt vs Richmond at ./scripts/parse_schedule.pl line 60, <CSV> line 222.
No stats for Florida A&M - skipping Florida International vs Florida A&M at ./scripts/parse_schedule.pl line 60, <CSV> line 247.
No stats for Southeastern Louisiana - skipping Tulane vs Southeastern Louisiana at ./scripts/parse_schedule.pl line 60, <CSV> line 279.
No stats for Portland State - skipping Boise State vs Portland State at ./scripts/parse_schedule.pl line 60, <CSV> line 296.
No stats for Citadel - skipping Mississippi vs Citadel at ./scripts/parse_schedule.pl line 60, <CSV> line 319.
No stats for Appalachian State - skipping Louisiana State vs Appalachian State at ./scripts/parse_schedule.pl line 60, <CSV> line 521.
No stats for Massachusetts - skipping Army vs Massachusetts at ./scripts/parse_schedule.pl line 60, <CSV> line 559.
No stats for Texas Southern - skipping Texas-El Paso vs Texas Southern at ./scripts/parse_schedule.pl line 60, <CSV> line 600.
No stats for Western Kentucky - skipping Florida International vs Western Kentucky at ./scripts/parse_schedule.pl line 60, <CSV> line 626.
