No stats for Eastern Kentucky - skipping Indiana vs Eastern Kentucky at ./scripts/parse_schedule.pl line 60, <CSV> line 4.
No stats for North Dakota State - skipping Iowa State vs North Dakota State at ./scripts/parse_schedule.pl line 60, <CSV> line 5.
No stats for Coastal Carolina - skipping Kent State vs Coastal Carolina at ./scripts/parse_schedule.pl line 60, <CSV> line 6.
No stats for Villanova - skipping Villanova vs Temple at ./scripts/parse_schedule.pl line 56, <CSV> line 10.
No stats for Central Arkansas - skipping Hawaii vs Central Arkansas at ./scripts/parse_schedule.pl line 60, <CSV> line 11.
No stats for Nicholls State - skipping Air Force vs Nicholls State at ./scripts/parse_schedule.pl line 60, <CSV> line 13.
No stats for Idaho State - skipping Arizona State vs Idaho State at ./scripts/parse_schedule.pl line 60, <CSV> line 17.
No stats for Missouri State - skipping Arkansas vs Missouri State at ./scripts/parse_schedule.pl line 60, <CSV> line 18.
No stats for Mississippi Valley State - skipping Arkansas State vs Mississippi Valley State at ./scripts/parse_schedule.pl line 60, <CSV> line 19.
No stats for Northeastern - skipping Boston College vs Northeastern at ./scripts/parse_schedule.pl line 60, <CSV> line 23.
No stats for Samford - skipping Central Florida vs Samford at ./scripts/parse_schedule.pl line 60, <CSV> line 27.
No stats for Appalachian State - skipping East Carolina vs Appalachian State at ./scripts/parse_schedule.pl line 60, <CSV> line 30.
No stats for Charleston Southern - skipping Florida vs Charleston Southern at ./scripts/parse_schedule.pl line 60, <CSV> line 31.
No stats for California-Davis - skipping Fresno State vs California-Davis at ./scripts/parse_schedule.pl line 60, <CSV> line 32.
No stats for Jacksonville State - skipping Georgia Tech vs Jacksonville State at ./scripts/parse_schedule.pl line 60, <CSV> line 33.
No stats for Northwestern State - skipping Houston vs Northwestern State at ./scripts/parse_schedule.pl line 60, <CSV> line 34.
No stats for Northern Iowa - skipping Iowa vs Northern Iowa at ./scripts/parse_schedule.pl line 60, <CSV> line 36.
No stats for Northern Colorado - skipping Kansas vs Northern Colorado at ./scripts/parse_schedule.pl line 60, <CSV> line 37.
No stats for Massachusetts - skipping Kansas State vs Massachusetts at ./scripts/parse_schedule.pl line 60, <CSV> line 38.
No stats for Southern - skipping Louisiana-Lafayette vs Southern at ./scripts/parse_schedule.pl line 60, <CSV> line 41.
No stats for Indiana State - skipping Louisville vs Indiana State at ./scripts/parse_schedule.pl line 60, <CSV> line 42.
No stats for Southern Illinois - skipping Marshall vs Southern Illinois at ./scripts/parse_schedule.pl line 60, <CSV> line 43.
No stats for Montana State - skipping Michigan State vs Montana State at ./scripts/parse_schedule.pl line 60, <CSV> line 45.
No stats for Jackson State - skipping Mississippi State vs Jackson State at ./scripts/parse_schedule.pl line 60, <CSV> line 47.
No stats for Sacramento State - skipping Nevada-Las Vegas vs Sacramento State at ./scripts/parse_schedule.pl line 60, <CSV> line 50.
No stats for Citadel - skipping North Carolina vs Citadel at ./scripts/parse_schedule.pl line 60, <CSV> line 51.
No stats for Towson - skipping Northwestern vs Towson at ./scripts/parse_schedule.pl line 60, <CSV> line 52.
No stats for Portland State - skipping Oregon State vs Portland State at ./scripts/parse_schedule.pl line 60, <CSV> line 56.
No stats for Youngstown State - skipping Pittsburgh vs Youngstown State at ./scripts/parse_schedule.pl line 60, <CSV> line 58.
No stats for Richmond - skipping Richmond vs Duke at ./scripts/parse_schedule.pl line 56, <CSV> line 60.
No stats for Wofford - skipping South Florida vs Wofford at ./scripts/parse_schedule.pl line 60, <CSV> line 61.
No stats for Stephen F. Austin - skipping Southern Methodist vs Stephen F. Austin at ./scripts/parse_schedule.pl line 60, <CSV> line 63.
No stats for Alcorn State - skipping Southern Mississippi vs Alcorn State at ./scripts/parse_schedule.pl line 60, <CSV> line 64.
No stats for North Dakota - skipping Texas Tech vs North Dakota at ./scripts/parse_schedule.pl line 60, <CSV> line 69.
No stats for Western Carolina - skipping Vanderbilt vs Western Carolina at ./scripts/parse_schedule.pl line 60, <CSV> line 71.
No stats for Liberty - skipping West Virginia vs Liberty at ./scripts/parse_schedule.pl line 60, <CSV> line 72.
No stats for William & Mary - skipping William & Mary vs Virginia at ./scripts/parse_schedule.pl line 56, <CSV> line 73.
No stats for Weber State - skipping Wyoming vs Weber State at ./scripts/parse_schedule.pl line 60, <CSV> line 75.
No stats for Morgan State - skipping Akron vs Morgan State at ./scripts/parse_schedule.pl line 60, <CSV> line 83.
No stats for Northern Arizona - skipping Arizona vs Northern Arizona at ./scripts/parse_schedule.pl line 60, <CSV> line 85.
No stats for Eastern Washington - skipping California vs Eastern Washington at ./scripts/parse_schedule.pl line 60, <CSV> line 90.
No stats for Southeast Missouri State - skipping Cincinnati vs Southeast Missouri State at ./scripts/parse_schedule.pl line 60, <CSV> line 92.
No stats for Weber State - skipping Colorado State vs Weber State at ./scripts/parse_schedule.pl line 60, <CSV> line 93.
No stats for Jacksonville State - skipping Florida State vs Jacksonville State at ./scripts/parse_schedule.pl line 60, <CSV> line 96.
No stats for Illinois State - skipping Illinois vs Illinois State at ./scripts/parse_schedule.pl line 60, <CSV> line 100.
No stats for Texas Southern - skipping Louisiana-Monroe vs Texas Southern at ./scripts/parse_schedule.pl line 60, <CSV> line 106.
No stats for James Madison - skipping Maryland vs James Madison at ./scripts/parse_schedule.pl line 60, <CSV> line 107.
No stats for New Hampshire - skipping New Hampshire vs Ball State at ./scripts/parse_schedule.pl line 56, <CSV> line 114.
No stats for Prairie View A&M - skipping New Mexico State vs Prairie View A&M at ./scripts/parse_schedule.pl line 60, <CSV> line 115.
No stats for Murray State - skipping North Carolina State vs Murray State at ./scripts/parse_schedule.pl line 60, <CSV> line 117.
No stats for Western Illinois - skipping Northern Illinois vs Western Illinois at ./scripts/parse_schedule.pl line 60, <CSV> line 118.
No stats for Idaho State - skipping Oklahoma vs Idaho State at ./scripts/parse_schedule.pl line 60, <CSV> line 121.
No stats for Howard - skipping Rutgers vs Howard at ./scripts/parse_schedule.pl line 60, <CSV> line 126.
No stats for Southern Utah - skipping San Diego State vs Southern Utah at ./scripts/parse_schedule.pl line 60, <CSV> line 127.
No stats for Central Arkansas - skipping Central Arkansas vs Western Kentucky at ./scripts/parse_schedule.pl line 56, <CSV> line 152.
No stats for Alcorn State - skipping Central Michigan vs Alcorn State at ./scripts/parse_schedule.pl line 60, <CSV> line 154.
No stats for Nicholls State - skipping Louisiana Tech vs Nicholls State at ./scripts/parse_schedule.pl line 60, <CSV> line 170.
No stats for Tennessee-Martin - skipping Memphis vs Tennessee-Martin at ./scripts/parse_schedule.pl line 60, <CSV> line 172.
No stats for Southeastern Louisiana - skipping Mississippi vs Southeastern Louisiana at ./scripts/parse_schedule.pl line 60, <CSV> line 175.
No stats for Furman - skipping Missouri vs Furman at ./scripts/parse_schedule.pl line 60, <CSV> line 177.
No stats for Gardner-Webb - skipping North Carolina State vs Gardner-Webb at ./scripts/parse_schedule.pl line 60, <CSV> line 180.
No stats for Cal Poly - skipping Ohio vs Cal Poly at ./scripts/parse_schedule.pl line 60, <CSV> line 183.
No stats for Charleston Southern - skipping South Florida vs Charleston Southern at ./scripts/parse_schedule.pl line 60, <CSV> line 192.
No stats for Texas State - skipping Texas Christian vs Texas State at ./scripts/parse_schedule.pl line 60, <CSV> line 198.
No stats for Elon - skipping Wake Forest vs Elon at ./scripts/parse_schedule.pl line 60, <CSV> line 203.
No stats for Wofford - skipping Wisconsin vs Wofford at ./scripts/parse_schedule.pl line 60, <CSV> line 207.
No stats for Northwestern State - skipping Baylor vs Northwestern State at ./scripts/parse_schedule.pl line 60, <CSV> line 215.
No stats for Rhode Island - skipping Connecticut vs Rhode Island at ./scripts/parse_schedule.pl line 60, <CSV> line 221.
No stats for North Carolina Central - skipping Duke vs North Carolina Central at ./scripts/parse_schedule.pl line 60, <CSV> line 222.
No stats for Tennessee Tech - skipping Kansas State vs Tennessee Tech at ./scripts/parse_schedule.pl line 60, <CSV> line 232.
No stats for Grambling State - skipping Oklahoma State vs Grambling State at ./scripts/parse_schedule.pl line 60, <CSV> line 246.
No stats for Cal Poly - skipping San Jose State vs Cal Poly at ./scripts/parse_schedule.pl line 60, <CSV> line 249.
No stats for Maine - skipping Syracuse vs Maine at ./scripts/parse_schedule.pl line 60, <CSV> line 253.
No stats for McNeese State - skipping Tulane vs McNeese State at ./scripts/parse_schedule.pl line 60, <CSV> line 261.
No stats for Sam Houston State - skipping Tulsa vs Sam Houston State at ./scripts/parse_schedule.pl line 60, <CSV> line 262.
No stats for Southern Utah - skipping Utah State vs Southern Utah at ./scripts/parse_schedule.pl line 60, <CSV> line 264.
No stats for Hofstra - skipping Western Michigan vs Hofstra at ./scripts/parse_schedule.pl line 60, <CSV> line 267.
No stats for California-Davis - skipping Boise State vs California-Davis at ./scripts/parse_schedule.pl line 60, <CSV> line 280.
No stats for South Carolina State - skipping South Carolina vs South Carolina State at ./scripts/parse_schedule.pl line 60, <CSV> line 307.
No stats for Gardner-Webb - skipping Buffalo vs Gardner-Webb at ./scripts/parse_schedule.pl line 60, <CSV> line 333.
No stats for Florida A&M - skipping Miami (FL) vs Florida A&M at ./scripts/parse_schedule.pl line 60, <CSV> line 348.
No stats for Georgia Southern - skipping North Carolina vs Georgia Southern at ./scripts/parse_schedule.pl line 60, <CSV> line 353.
No stats for Eastern Illinois - skipping Penn State vs Eastern Illinois at ./scripts/parse_schedule.pl line 60, <CSV> line 361.
No stats for Texas Southern - skipping Rutgers vs Texas Southern at ./scripts/parse_schedule.pl line 60, <CSV> line 363.
No stats for Delaware State - skipping Michigan vs Delaware State at ./scripts/parse_schedule.pl line 60, <CSV> line 414.
No stats for Coastal Carolina - skipping Clemson vs Coastal Carolina at ./scripts/parse_schedule.pl line 60, <CSV> line 504.
No stats for Furman - skipping Auburn vs Furman at ./scripts/parse_schedule.pl line 60, <CSV> line 560.
No stats for Tennessee Tech - skipping Georgia vs Tennessee Tech at ./scripts/parse_schedule.pl line 60, <CSV> line 568.
No stats for Eastern Kentucky - skipping Kentucky vs Eastern Kentucky at ./scripts/parse_schedule.pl line 60, <CSV> line 574.
No stats for Northern Arizona - skipping Mississippi vs Northern Arizona at ./scripts/parse_schedule.pl line 60, <CSV> line 580.
No stats for Virginia Military Institute - skipping Army vs Virginia Military Institute at ./scripts/parse_schedule.pl line 60, <CSV> line 617.
No stats for South Dakota State - skipping Minnesota vs South Dakota State at ./scripts/parse_schedule.pl line 60, <CSV> line 638.
No stats for Delaware - skipping Navy vs Delaware at ./scripts/parse_schedule.pl line 60, <CSV> line 641.
No stats for Chattanooga - skipping Alabama vs Chattanooga at ./scripts/parse_schedule.pl line 60, <CSV> line 673.
