No stats for Indiana State - skipping Miami (OH) vs Indiana State at ./scripts/parse_schedule.pl line 60, <CSV> line 2.
No stats for Tennessee-Martin - skipping Western Michigan vs Tennessee-Martin at ./scripts/parse_schedule.pl line 60, <CSV> line 10.
No stats for Northern Arizona - skipping Arizona vs Northern Arizona at ./scripts/parse_schedule.pl line 60, <CSV> line 14.
No stats for Murray State - skipping Connecticut vs Murray State at ./scripts/parse_schedule.pl line 60, <CSV> line 22.
No stats for Georgia Southern - skipping Georgia vs Georgia Southern at ./scripts/parse_schedule.pl line 60, <CSV> line 24.
No stats for Samford - skipping Georgia Tech vs Samford at ./scripts/parse_schedule.pl line 60, <CSV> line 25.
No stats for Northern Iowa - skipping Iowa State vs Northern Iowa at ./scripts/parse_schedule.pl line 60, <CSV> line 29.
No stats for Western Kentucky - skipping Kansas State vs Western Kentucky at ./scripts/parse_schedule.pl line 60, <CSV> line 31.
No stats for Northwestern State - skipping Louisiana-Lafayette vs Northwestern State at ./scripts/parse_schedule.pl line 60, <CSV> line 33.
No stats for Western Illinois - skipping Nebraska vs Western Illinois at ./scripts/parse_schedule.pl line 60, <CSV> line 41.
No stats for William & Mary - skipping North Carolina vs William & Mary at ./scripts/parse_schedule.pl line 60, <CSV> line 42.
No stats for Richmond - skipping North Carolina State vs Richmond at ./scripts/parse_schedule.pl line 60, <CSV> line 43.
No stats for Virginia Military Institute - skipping Ohio vs Virginia Military Institute at ./scripts/parse_schedule.pl line 60, <CSV> line 44.
No stats for Idaho State - skipping San Diego State vs Idaho State at ./scripts/parse_schedule.pl line 60, <CSV> line 50.
No stats for Appalachian State - skipping Wyoming vs Appalachian State at ./scripts/parse_schedule.pl line 60, <CSV> line 59.
No stats for Eastern Washington - skipping Air Force vs Eastern Washington at ./scripts/parse_schedule.pl line 60, <CSV> line 70.
No stats for Texas State - skipping Baylor vs Texas State at ./scripts/parse_schedule.pl line 60, <CSV> line 74.
No stats for Southeast Missouri State - skipping Bowling Green State vs Southeast Missouri State at ./scripts/parse_schedule.pl line 60, <CSV> line 76.
No stats for Youngstown State - skipping Florida International vs Youngstown State at ./scripts/parse_schedule.pl line 60, <CSV> line 83.
No stats for Liberty - skipping Kent State vs Liberty at ./scripts/parse_schedule.pl line 60, <CSV> line 90.
No stats for Chattanooga - skipping Memphis vs Chattanooga at ./scripts/parse_schedule.pl line 60, <CSV> line 95.
No stats for Illinois State - skipping Minnesota vs Illinois State at ./scripts/parse_schedule.pl line 60, <CSV> line 98.
No stats for Northeastern - skipping Navy vs Northeastern at ./scripts/parse_schedule.pl line 60, <CSV> line 99.
No stats for Sacramento State - skipping Nevada vs Sacramento State at ./scripts/parse_schedule.pl line 60, <CSV> line 100.
No stats for New Hampshire - skipping New Hampshire vs Rutgers at ./scripts/parse_schedule.pl line 56, <CSV> line 101.
No stats for Southern Illinois - skipping Northern Illinois vs Southern Illinois at ./scripts/parse_schedule.pl line 60, <CSV> line 103.
No stats for Tennessee Tech - skipping South Florida vs Tennessee Tech at ./scripts/parse_schedule.pl line 60, <CSV> line 110.
No stats for Weber State - skipping Texas-El Paso vs Weber State at ./scripts/parse_schedule.pl line 60, <CSV> line 118.
No stats for Western Carolina - skipping Alabama vs Western Carolina at ./scripts/parse_schedule.pl line 60, <CSV> line 131.
No stats for Southeast Missouri State - skipping Central Michigan vs Southeast Missouri State at ./scripts/parse_schedule.pl line 60, <CSV> line 136.
No stats for Portland State - skipping Fresno State vs Portland State at ./scripts/parse_schedule.pl line 60, <CSV> line 140.
No stats for Maine - skipping Maine vs Mississippi State at ./scripts/parse_schedule.pl line 56, <CSV> line 147.
No stats for Morgan State - skipping San Jose State vs Morgan State at ./scripts/parse_schedule.pl line 60, <CSV> line 169.
No stats for North Carolina A&T - skipping Wake Forest vs North Carolina A&T at ./scripts/parse_schedule.pl line 60, <CSV> line 182.
No stats for Citadel - skipping Auburn vs Citadel at ./scripts/parse_schedule.pl line 60, <CSV> line 195.
No stats for Montana State - skipping Colorado State vs Montana State at ./scripts/parse_schedule.pl line 60, <CSV> line 199.
No stats for Eastern Illinois - skipping Eastern Illinois vs Eastern Michigan at ./scripts/parse_schedule.pl line 56, <CSV> line 201.
No stats for Tennessee State - skipping Florida A&M vs Tennessee State at ./scripts/parse_schedule.pl line 60, <CSV> line 203.
No stats for Furman - skipping Pittsburgh vs Furman at ./scripts/parse_schedule.pl line 60, <CSV> line 218.
No stats for Missouri State - skipping Tulsa vs Missouri State at ./scripts/parse_schedule.pl line 60, <CSV> line 230.
No stats for James Madison - skipping West Virginia vs James Madison at ./scripts/parse_schedule.pl line 60, <CSV> line 236.
No stats for Massachusetts - skipping Boston College vs Massachusetts at ./scripts/parse_schedule.pl line 60, <CSV> line 248.
No stats for Citadel - skipping Duke vs Citadel at ./scripts/parse_schedule.pl line 60, <CSV> line 254.
No stats for Virginia Union - skipping Florida A&M vs Virginia Union at ./scripts/parse_schedule.pl line 60, <CSV> line 256.
No stats for Texas State - skipping Florida Atlantic vs Texas State at ./scripts/parse_schedule.pl line 60, <CSV> line 310.
No stats for Stephen F. Austin - skipping Florida International vs Stephen F. Austin at ./scripts/parse_schedule.pl line 60, <CSV> line 311.
No stats for Nicholls State - skipping Nicholls State vs Florida A&M at ./scripts/parse_schedule.pl line 56, <CSV> line 326.
No stats for Northern Colorado - skipping Florida Atlantic vs Northern Colorado at ./scripts/parse_schedule.pl line 60, <CSV> line 368.
No stats for Savannah State - skipping Florida A&M vs Savannah State at ./scripts/parse_schedule.pl line 60, <CSV> line 418.
No stats for McNeese State - skipping McNeese State vs Florida International at ./scripts/parse_schedule.pl line 56, <CSV> line 429.
No stats for Eastern Kentucky - skipping Vanderbilt vs Eastern Kentucky at ./scripts/parse_schedule.pl line 60, <CSV> line 457.
No stats for Delaware - skipping Navy vs Delaware at ./scripts/parse_schedule.pl line 60, <CSV> line 485.
No stats for Georgia Southern - skipping Georgia Southern vs Florida International at ./scripts/parse_schedule.pl line 56, <CSV> line 586.
No stats for Bethune-Cookman - skipping Bethune-Cookman vs Florida A&M at ./scripts/parse_schedule.pl line 56, <CSV> line 627.
No stats for Illinois State - skipping Florida Atlantic vs Illinois State at ./scripts/parse_schedule.pl line 60, <CSV> line 636.
No stats for Western Kentucky - skipping Western Kentucky vs Florida International at ./scripts/parse_schedule.pl line 56, <CSV> line 669.
No stats for Edward Waters - skipping Florida Atlantic vs Edward Waters at ./scripts/parse_schedule.pl line 60, <CSV> line 680.
