No stats for Southeast Missouri State - skipping Ball State vs Southeast Missouri State at ./scripts/parse_schedule.pl line 60, <CSV> line 2.
No stats for Rhode Island - skipping Buffalo vs Rhode Island at ./scripts/parse_schedule.pl line 60, <CSV> line 3.
No stats for Hampton - skipping Central Michigan vs Hampton at ./scripts/parse_schedule.pl line 60, <CSV> line 4.
No stats for North Dakota - skipping Idaho vs North Dakota at ./scripts/parse_schedule.pl line 60, <CSV> line 6.
No stats for Towson - skipping Indiana vs Towson at ./scripts/parse_schedule.pl line 60, <CSV> line 7.
No stats for Murray State - skipping Kent State vs Murray State at ./scripts/parse_schedule.pl line 60, <CSV> line 9.
No stats for Florida A&M - skipping Miami (FL) vs Florida A&M at ./scripts/parse_schedule.pl line 60, <CSV> line 10.
No stats for Eastern Washington - skipping Nevada vs Eastern Washington at ./scripts/parse_schedule.pl line 60, <CSV> line 12.
No stats for Norfolk State - skipping Rutgers vs Norfolk State at ./scripts/parse_schedule.pl line 60, <CSV> line 14.
No stats for Southeastern Louisiana - skipping Tulane vs Southeastern Louisiana at ./scripts/parse_schedule.pl line 60, <CSV> line 17.
No stats for Presbyterian - skipping Wake Forest vs Presbyterian at ./scripts/parse_schedule.pl line 60, <CSV> line 19.
No stats for Villanova - skipping Temple vs Villanova at ./scripts/parse_schedule.pl line 60, <CSV> line 21.
No stats for Northwestern State - skipping Air Force vs Northwestern State at ./scripts/parse_schedule.pl line 60, <CSV> line 22.
No stats for Portland State - skipping Arizona State vs Portland State at ./scripts/parse_schedule.pl line 60, <CSV> line 24.
No stats for Tennessee Tech - skipping Arkansas vs Tennessee Tech at ./scripts/parse_schedule.pl line 60, <CSV> line 25.
No stats for Sam Houston State - skipping Baylor vs Sam Houston State at ./scripts/parse_schedule.pl line 60, <CSV> line 28.
No stats for Weber State - skipping Boston College vs Weber State at ./scripts/parse_schedule.pl line 60, <CSV> line 29.
No stats for California-Davis - skipping California vs California-Davis at ./scripts/parse_schedule.pl line 60, <CSV> line 31.
No stats for South Dakota - skipping Central Florida vs South Dakota at ./scripts/parse_schedule.pl line 60, <CSV> line 32.
No stats for Elon - skipping Duke vs Elon at ./scripts/parse_schedule.pl line 60, <CSV> line 35.
No stats for Samford - skipping Florida State vs Samford at ./scripts/parse_schedule.pl line 60, <CSV> line 37.
No stats for South Carolina State - skipping Georgia Tech vs South Carolina State at ./scripts/parse_schedule.pl line 60, <CSV> line 40.
No stats for Texas State - skipping Houston vs Texas State at ./scripts/parse_schedule.pl line 60, <CSV> line 41.
No stats for Eastern Illinois - skipping Iowa vs Eastern Illinois at ./scripts/parse_schedule.pl line 60, <CSV> line 42.
No stats for Jacksonville State - skipping Jacksonville State vs Mississippi at ./scripts/parse_schedule.pl line 56, <CSV> line 43.
No stats for Grambling State - skipping Louisiana Tech vs Grambling State at ./scripts/parse_schedule.pl line 60, <CSV> line 47.
No stats for Western Carolina - skipping North Carolina State vs Western Carolina at ./scripts/parse_schedule.pl line 60, <CSV> line 53.
No stats for North Dakota State - skipping North Dakota State vs Kansas at ./scripts/parse_schedule.pl line 56, <CSV> line 54.
No stats for Wofford - skipping Ohio vs Wofford at ./scripts/parse_schedule.pl line 60, <CSV> line 57.
No stats for Youngstown State - skipping Penn State vs Youngstown State at ./scripts/parse_schedule.pl line 60, <CSV> line 61.
No stats for Nicholls State - skipping San Diego State vs Nicholls State at ./scripts/parse_schedule.pl line 60, <CSV> line 62.
No stats for Stony Brook - skipping South Florida vs Stony Brook at ./scripts/parse_schedule.pl line 60, <CSV> line 63.
No stats for Sacramento State - skipping Stanford vs Sacramento State at ./scripts/parse_schedule.pl line 60, <CSV> line 64.
No stats for Tennessee-Martin - skipping Tennessee vs Tennessee-Martin at ./scripts/parse_schedule.pl line 60, <CSV> line 66.
No stats for Stephen F. Austin - skipping Texas A&M vs Stephen F. Austin at ./scripts/parse_schedule.pl line 60, <CSV> line 68.
No stats for Arkansas-Pine Bluff - skipping Texas-El Paso vs Arkansas-Pine Bluff at ./scripts/parse_schedule.pl line 60, <CSV> line 70.
No stats for Richmond - skipping Virginia vs Richmond at ./scripts/parse_schedule.pl line 60, <CSV> line 72.
No stats for Coastal Carolina - skipping West Virginia vs Coastal Carolina at ./scripts/parse_schedule.pl line 60, <CSV> line 73.
No stats for Southern Utah - skipping Wyoming vs Southern Utah at ./scripts/parse_schedule.pl line 60, <CSV> line 75.
No stats for Citadel - skipping Arizona vs Citadel at ./scripts/parse_schedule.pl line 60, <CSV> line 87.
No stats for Northern Arizona - skipping Arizona State vs Northern Arizona at ./scripts/parse_schedule.pl line 60, <CSV> line 88.
No stats for Indiana State - skipping Cincinnati vs Indiana State at ./scripts/parse_schedule.pl line 60, <CSV> line 93.
No stats for Presbyterian - skipping Clemson vs Presbyterian at ./scripts/parse_schedule.pl line 60, <CSV> line 94.
No stats for Texas Southern - skipping Connecticut vs Texas Southern at ./scripts/parse_schedule.pl line 60, <CSV> line 95.
No stats for Gardner-Webb - skipping Gardner-Webb vs Akron at ./scripts/parse_schedule.pl line 56, <CSV> line 98.
No stats for Southern Illinois - skipping Illinois vs Southern Illinois at ./scripts/parse_schedule.pl line 60, <CSV> line 100.
No stats for James Madison - skipping James Madison vs Virginia Tech at ./scripts/parse_schedule.pl line 56, <CSV> line 102.
No stats for Missouri State - skipping Kansas State vs Missouri State at ./scripts/parse_schedule.pl line 60, <CSV> line 104.
No stats for Liberty - skipping Liberty vs Ball State at ./scripts/parse_schedule.pl line 56, <CSV> line 106.
No stats for Eastern Kentucky - skipping Louisville vs Eastern Kentucky at ./scripts/parse_schedule.pl line 60, <CSV> line 109.
No stats for Morgan State - skipping Maryland vs Morgan State at ./scripts/parse_schedule.pl line 60, <CSV> line 110.
No stats for Austin Peay - skipping Middle Tennessee State vs Austin Peay at ./scripts/parse_schedule.pl line 60, <CSV> line 114.
No stats for McNeese State - skipping Missouri vs McNeese State at ./scripts/parse_schedule.pl line 60, <CSV> line 116.
No stats for Georgia Southern - skipping Navy vs Georgia Southern at ./scripts/parse_schedule.pl line 60, <CSV> line 117.
No stats for North Dakota - skipping Northern Illinois vs North Dakota at ./scripts/parse_schedule.pl line 60, <CSV> line 121.
No stats for Illinois State - skipping Northwestern vs Illinois State at ./scripts/parse_schedule.pl line 60, <CSV> line 122.
No stats for New Hampshire - skipping Pittsburgh vs New Hampshire at ./scripts/parse_schedule.pl line 60, <CSV> line 127.
No stats for Western Illinois - skipping Purdue vs Western Illinois at ./scripts/parse_schedule.pl line 60, <CSV> line 128.
No stats for South Dakota - skipping South Dakota vs Minnesota at ./scripts/parse_schedule.pl line 56, <CSV> line 133.
No stats for Prairie View A&M - skipping Southern Mississippi vs Prairie View A&M at ./scripts/parse_schedule.pl line 60, <CSV> line 136.
No stats for Tennessee Tech - skipping Texas Christian vs Tennessee Tech at ./scripts/parse_schedule.pl line 60, <CSV> line 140.
No stats for Idaho State - skipping Utah State vs Idaho State at ./scripts/parse_schedule.pl line 60, <CSV> line 145.
No stats for Montana State - skipping Washington State vs Montana State at ./scripts/parse_schedule.pl line 60, <CSV> line 148.
No stats for Nicholls State - skipping Western Michigan vs Nicholls State at ./scripts/parse_schedule.pl line 60, <CSV> line 149.
No stats for Massachusetts - skipping Michigan vs Massachusetts at ./scripts/parse_schedule.pl line 60, <CSV> line 179.
No stats for Portland State - skipping Oregon vs Portland State at ./scripts/parse_schedule.pl line 60, <CSV> line 188.
No stats for Southern Utah - skipping San Jose State vs Southern Utah at ./scripts/parse_schedule.pl line 60, <CSV> line 192.
No stats for Furman - skipping South Carolina vs Furman at ./scripts/parse_schedule.pl line 60, <CSV> line 193.
No stats for Maine - skipping Syracuse vs Maine at ./scripts/parse_schedule.pl line 60, <CSV> line 197.
No stats for Charleston Southern - skipping Hawaii vs Charleston Southern at ./scripts/parse_schedule.pl line 60, <CSV> line 224.
No stats for Northern Iowa - skipping Iowa State vs Northern Iowa at ./scripts/parse_schedule.pl line 60, <CSV> line 228.
No stats for Southeastern Louisiana - skipping Louisiana-Monroe vs Southeastern Louisiana at ./scripts/parse_schedule.pl line 60, <CSV> line 232.
No stats for Northern Colorado - skipping Michigan State vs Northern Colorado at ./scripts/parse_schedule.pl line 60, <CSV> line 236.
No stats for South Dakota State - skipping Nebraska vs South Dakota State at ./scripts/parse_schedule.pl line 60, <CSV> line 241.
No stats for Colgate - skipping Syracuse vs Colgate at ./scripts/parse_schedule.pl line 60, <CSV> line 258.
No stats for Central Arkansas - skipping Tulsa vs Central Arkansas at ./scripts/parse_schedule.pl line 60, <CSV> line 263.
No stats for Virginia Military Institute - skipping Virginia vs Virginia Military Institute at ./scripts/parse_schedule.pl line 60, <CSV> line 266.
No stats for Austin Peay - skipping Wisconsin vs Austin Peay at ./scripts/parse_schedule.pl line 60, <CSV> line 268.
No stats for California-Davis - skipping California-Davis vs San Jose State at ./scripts/parse_schedule.pl line 56, <CSV> line 279.
No stats for Cal Poly - skipping Fresno State vs Cal Poly at ./scripts/parse_schedule.pl line 60, <CSV> line 283.
No stats for Alcorn State - skipping Mississippi State vs Alcorn State at ./scripts/parse_schedule.pl line 60, <CSV> line 298.
No stats for McNeese State - skipping Louisiana State vs McNeese State at ./scripts/parse_schedule.pl line 60, <CSV> line 402.
No stats for Virginia Military Institute - skipping Army vs Virginia Military Institute at ./scripts/parse_schedule.pl line 60, <CSV> line 494.
No stats for William & Mary - skipping North Carolina vs William & Mary at ./scripts/parse_schedule.pl line 60, <CSV> line 518.
No stats for Chattanooga - skipping Auburn vs Chattanooga at ./scripts/parse_schedule.pl line 60, <CSV> line 551.
No stats for Idaho State - skipping Georgia vs Idaho State at ./scripts/parse_schedule.pl line 60, <CSV> line 563.
No stats for Charleston Southern - skipping Kentucky vs Charleston Southern at ./scripts/parse_schedule.pl line 60, <CSV> line 567.
No stats for Georgia State - skipping Alabama vs Georgia State at ./scripts/parse_schedule.pl line 60, <CSV> line 660.
No stats for Appalachian State - skipping Florida vs Appalachian State at ./scripts/parse_schedule.pl line 60, <CSV> line 673.
No stats for Weber State - skipping Texas Tech vs Weber State at ./scripts/parse_schedule.pl line 60, <CSV> line 704.
