No stats for California-Davis - skipping Arizona State vs California-Davis at ./scripts/parse_schedule.pl line 60, <CSV> line 2.
No stats for South Carolina State - skipping Central Michigan vs South Carolina State at ./scripts/parse_schedule.pl line 60, <CSV> line 4.
No stats for Western Carolina - skipping Georgia Tech vs Western Carolina at ./scripts/parse_schedule.pl line 60, <CSV> line 6.
No stats for Murray State - skipping Louisville vs Murray State at ./scripts/parse_schedule.pl line 60, <CSV> line 8.
No stats for North Carolina Central - skipping Rutgers vs North Carolina Central at ./scripts/parse_schedule.pl line 60, <CSV> line 10.
No stats for Villanova - skipping Temple vs Villanova at ./scripts/parse_schedule.pl line 60, <CSV> line 12.
No stats for New Hampshire - skipping Toledo vs New Hampshire at ./scripts/parse_schedule.pl line 60, <CSV> line 13.
No stats for Montana State - skipping Utah vs Montana State at ./scripts/parse_schedule.pl line 60, <CSV> line 14.
No stats for Youngstown State - skipping Michigan State vs Youngstown State at ./scripts/parse_schedule.pl line 60, <CSV> line 17.
No stats for South Dakota - skipping Air Force vs South Dakota at ./scripts/parse_schedule.pl line 60, <CSV> line 18.
No stats for Northern Arizona - skipping Arizona vs Northern Arizona at ./scripts/parse_schedule.pl line 60, <CSV> line 20.
No stats for Missouri State - skipping Arkansas vs Missouri State at ./scripts/parse_schedule.pl line 60, <CSV> line 21.
No stats for Charleston Southern - skipping Central Florida vs Charleston Southern at ./scripts/parse_schedule.pl line 60, <CSV> line 27.
No stats for Austin Peay - skipping Cincinnati vs Austin Peay at ./scripts/parse_schedule.pl line 60, <CSV> line 28.
No stats for Fordham - skipping Connecticut vs Fordham at ./scripts/parse_schedule.pl line 60, <CSV> line 31.
No stats for Tennessee Tech - skipping Iowa vs Tennessee Tech at ./scripts/parse_schedule.pl line 60, <CSV> line 37.
No stats for Northern Iowa - skipping Iowa State vs Northern Iowa at ./scripts/parse_schedule.pl line 60, <CSV> line 38.
No stats for McNeese State - skipping Kansas vs McNeese State at ./scripts/parse_schedule.pl line 60, <CSV> line 39.
No stats for Eastern Kentucky - skipping Kansas State vs Eastern Kentucky at ./scripts/parse_schedule.pl line 60, <CSV> line 40.
No stats for Delaware - skipping Navy vs Delaware at ./scripts/parse_schedule.pl line 60, <CSV> line 44.
No stats for Chattanooga - skipping Nebraska vs Chattanooga at ./scripts/parse_schedule.pl line 60, <CSV> line 45.
No stats for James Madison - skipping North Carolina vs James Madison at ./scripts/parse_schedule.pl line 60, <CSV> line 46.
No stats for Liberty - skipping North Carolina State vs Liberty at ./scripts/parse_schedule.pl line 60, <CSV> line 47.
No stats for Indiana State - skipping Penn State vs Indiana State at ./scripts/parse_schedule.pl line 60, <CSV> line 54.
No stats for Richmond - skipping Richmond vs Duke at ./scripts/parse_schedule.pl line 56, <CSV> line 57.
No stats for Sacramento State - skipping Sacramento State vs Oregon State at ./scripts/parse_schedule.pl line 56, <CSV> line 58.
No stats for Cal Poly - skipping San Diego State vs Cal Poly at ./scripts/parse_schedule.pl line 60, <CSV> line 59.
No stats for Montana - skipping Tennessee vs Montana at ./scripts/parse_schedule.pl line 60, <CSV> line 65.
No stats for Texas State - skipping Texas Tech vs Texas State at ./scripts/parse_schedule.pl line 60, <CSV> line 67.
No stats for Stony Brook - skipping Texas-El Paso vs Stony Brook at ./scripts/parse_schedule.pl line 60, <CSV> line 68.
No stats for Southeastern Louisiana - skipping Tulane vs Southeastern Louisiana at ./scripts/parse_schedule.pl line 60, <CSV> line 69.
No stats for Elon - skipping Vanderbilt vs Elon at ./scripts/parse_schedule.pl line 60, <CSV> line 70.
No stats for William & Mary - skipping Virginia vs William & Mary at ./scripts/parse_schedule.pl line 60, <CSV> line 71.
No stats for Appalachian State - skipping Virginia Tech vs Appalachian State at ./scripts/parse_schedule.pl line 60, <CSV> line 72.
No stats for Eastern Washington - skipping Washington vs Eastern Washington at ./scripts/parse_schedule.pl line 60, <CSV> line 73.
No stats for Idaho State - skipping Washington State vs Idaho State at ./scripts/parse_schedule.pl line 60, <CSV> line 74.
No stats for Weber State - skipping Wyoming vs Weber State at ./scripts/parse_schedule.pl line 60, <CSV> line 75.
No stats for Howard - skipping Eastern Michigan vs Howard at ./scripts/parse_schedule.pl line 60, <CSV> line 76.
No stats for Morgan State - skipping Bowling Green State vs Morgan State at ./scripts/parse_schedule.pl line 60, <CSV> line 88.
No stats for Stony Brook - skipping Buffalo vs Stony Brook at ./scripts/parse_schedule.pl line 60, <CSV> line 89.
No stats for Wofford - skipping Clemson vs Wofford at ./scripts/parse_schedule.pl line 60, <CSV> line 92.
No stats for Northern Colorado - skipping Colorado State vs Northern Colorado at ./scripts/parse_schedule.pl line 60, <CSV> line 93.
No stats for Alabama State - skipping Eastern Michigan vs Alabama State at ./scripts/parse_schedule.pl line 60, <CSV> line 94.
No stats for Charleston Southern - skipping Florida State vs Charleston Southern at ./scripts/parse_schedule.pl line 60, <CSV> line 96.
No stats for North Dakota - skipping Idaho vs North Dakota at ./scripts/parse_schedule.pl line 60, <CSV> line 99.
No stats for South Dakota State - skipping Illinois vs South Dakota State at ./scripts/parse_schedule.pl line 60, <CSV> line 100.
No stats for Northwestern State - skipping Louisiana State vs Northwestern State at ./scripts/parse_schedule.pl line 60, <CSV> line 104.
No stats for Central Arkansas - skipping Louisiana Tech vs Central Arkansas at ./scripts/parse_schedule.pl line 60, <CSV> line 105.
No stats for Grambling State - skipping Louisiana-Monroe vs Grambling State at ./scripts/parse_schedule.pl line 60, <CSV> line 107.
No stats for Southern Illinois - skipping Mississippi vs Southern Illinois at ./scripts/parse_schedule.pl line 60, <CSV> line 111.
No stats for Eastern Illinois - skipping Northwestern vs Eastern Illinois at ./scripts/parse_schedule.pl line 60, <CSV> line 116.
No stats for Gardner-Webb - skipping Ohio vs Gardner-Webb at ./scripts/parse_schedule.pl line 60, <CSV> line 117.
No stats for Maine - skipping Pittsburgh vs Maine at ./scripts/parse_schedule.pl line 60, <CSV> line 120.
No stats for Rhode Island - skipping Syracuse vs Rhode Island at ./scripts/parse_schedule.pl line 60, <CSV> line 128.
No stats for Weber State - skipping Utah State vs Weber State at ./scripts/parse_schedule.pl line 60, <CSV> line 135.
No stats for Norfolk State - skipping West Virginia vs Norfolk State at ./scripts/parse_schedule.pl line 60, <CSV> line 142.
No stats for Nicholls State - skipping Western Michigan vs Nicholls State at ./scripts/parse_schedule.pl line 60, <CSV> line 143.
No stats for Texas State - skipping Wyoming vs Texas State at ./scripts/parse_schedule.pl line 60, <CSV> line 145.
No stats for Stephen F. Austin - skipping Baylor vs Stephen F. Austin at ./scripts/parse_schedule.pl line 60, <CSV> line 154.
No stats for Presbyterian - skipping California vs Presbyterian at ./scripts/parse_schedule.pl line 60, <CSV> line 155.
No stats for North Dakota - skipping Fresno State vs North Dakota at ./scripts/parse_schedule.pl line 60, <CSV> line 162.
No stats for Coastal Carolina - skipping Georgia vs Coastal Carolina at ./scripts/parse_schedule.pl line 60, <CSV> line 163.
No stats for South Carolina State - skipping Indiana vs South Carolina State at ./scripts/parse_schedule.pl line 60, <CSV> line 167.
No stats for Indiana State - skipping Indiana State vs Western Kentucky at ./scripts/parse_schedule.pl line 56, <CSV> line 168.
No stats for Nicholls State - skipping Louisiana-Lafayette vs Nicholls State at ./scripts/parse_schedule.pl line 60, <CSV> line 171.
No stats for Austin Peay - skipping Memphis vs Austin Peay at ./scripts/parse_schedule.pl line 60, <CSV> line 173.
No stats for Western Illinois - skipping Missouri vs Western Illinois at ./scripts/parse_schedule.pl line 60, <CSV> line 177.
No stats for South Alabama - skipping North Carolina State vs South Alabama at ./scripts/parse_schedule.pl line 60, <CSV> line 182.
No stats for Missouri State - skipping Oregon vs Missouri State at ./scripts/parse_schedule.pl line 60, <CSV> line 187.
No stats for Southeast Missouri State - skipping Purdue vs Southeast Missouri State at ./scripts/parse_schedule.pl line 60, <CSV> line 189.
No stats for Florida A&M - skipping South Florida vs Florida A&M at ./scripts/parse_schedule.pl line 60, <CSV> line 192.
No stats for Northwestern State - skipping Southern Methodist vs Northwestern State at ./scripts/parse_schedule.pl line 60, <CSV> line 194.
No stats for Southeastern Louisiana - skipping Southern Mississippi vs Southeastern Louisiana at ./scripts/parse_schedule.pl line 60, <CSV> line 195.
No stats for Gardner-Webb - skipping Wake Forest vs Gardner-Webb at ./scripts/parse_schedule.pl line 60, <CSV> line 206.
No stats for Tennessee State - skipping Air Force vs Tennessee State at ./scripts/parse_schedule.pl line 60, <CSV> line 214.
No stats for Virginia Military Institute - skipping Akron vs Virginia Military Institute at ./scripts/parse_schedule.pl line 60, <CSV> line 215.
No stats for Central Arkansas - skipping Arkansas State vs Central Arkansas at ./scripts/parse_schedule.pl line 60, <CSV> line 218.
No stats for Massachusetts - skipping Boston College vs Massachusetts at ./scripts/parse_schedule.pl line 60, <CSV> line 223.
No stats for California-Davis - skipping Hawaii vs California-Davis at ./scripts/parse_schedule.pl line 60, <CSV> line 234.
No stats for Georgia State - skipping Houston vs Georgia State at ./scripts/parse_schedule.pl line 60, <CSV> line 235.
No stats for South Alabama - skipping Kent State vs South Alabama at ./scripts/parse_schedule.pl line 60, <CSV> line 239.
No stats for North Dakota State - skipping North Dakota State vs Minnesota at ./scripts/parse_schedule.pl line 56, <CSV> line 246.
No stats for Cal Poly - skipping Northern Illinois vs Cal Poly at ./scripts/parse_schedule.pl line 60, <CSV> line 248.
No stats for Sam Houston State - skipping Sam Houston State vs New Mexico at ./scripts/parse_schedule.pl line 56, <CSV> line 256.
No stats for Southern Utah - skipping Southern Utah vs Nevada-Las Vegas at ./scripts/parse_schedule.pl line 56, <CSV> line 262.
No stats for Portland State - skipping Texas Christian vs Portland State at ./scripts/parse_schedule.pl line 60, <CSV> line 265.
No stats for South Dakota - skipping Wisconsin vs South Dakota at ./scripts/parse_schedule.pl line 60, <CSV> line 271.
No stats for Towson - skipping Maryland vs Towson at ./scripts/parse_schedule.pl line 60, <CSV> line 297.
No stats for Bethune-Cookman - skipping Miami (FL) vs Bethune-Cookman at ./scripts/parse_schedule.pl line 60, <CSV> line 298.
No stats for Idaho State - skipping Brigham Young vs Idaho State at ./scripts/parse_schedule.pl line 60, <CSV> line 443.
No stats for Jacksonville State - skipping Kentucky vs Jacksonville State at ./scripts/parse_schedule.pl line 60, <CSV> line 454.
No stats for Fordham - skipping Army vs Fordham at ./scripts/parse_schedule.pl line 60, <CSV> line 495.
No stats for Tennessee-Martin - skipping Mississippi State vs Tennessee-Martin at ./scripts/parse_schedule.pl line 60, <CSV> line 570.
No stats for Georgia Southern - skipping Alabama vs Georgia Southern at ./scripts/parse_schedule.pl line 60, <CSV> line 662.
No stats for Samford - skipping Auburn vs Samford at ./scripts/parse_schedule.pl line 60, <CSV> line 666.
No stats for Furman - skipping Florida vs Furman at ./scripts/parse_schedule.pl line 60, <CSV> line 672.
No stats for Citadel - skipping South Carolina vs Citadel at ./scripts/parse_schedule.pl line 60, <CSV> line 696.
