No stats for Northeastern - skipping Ball State vs Northeastern at ./scripts/parse_schedule.pl line 60, <CSV> line 2.
No stats for Eastern Illinois - skipping Central Michigan vs Eastern Illinois at ./scripts/parse_schedule.pl line 60, <CSV> line 4.
No stats for Eastern Kentucky - skipping Cincinnati vs Eastern Kentucky at ./scripts/parse_schedule.pl line 60, <CSV> line 5.
No stats for Hofstra - skipping Connecticut vs Hofstra at ./scripts/parse_schedule.pl line 60, <CSV> line 6.
No stats for Indiana State - skipping Eastern Michigan vs Indiana State at ./scripts/parse_schedule.pl line 60, <CSV> line 7.
No stats for Jacksonville State - skipping Georgia Tech vs Jacksonville State at ./scripts/parse_schedule.pl line 60, <CSV> line 8.
No stats for South Dakota State - skipping Iowa State vs South Dakota State at ./scripts/parse_schedule.pl line 60, <CSV> line 9.
No stats for Charleston Southern - skipping Miami (FL) vs Charleston Southern at ./scripts/parse_schedule.pl line 60, <CSV> line 10.
No stats for Southern Utah - skipping Air Force vs Southern Utah at ./scripts/parse_schedule.pl line 60, <CSV> line 18.
No stats for Northern Arizona - skipping Arizona State vs Northern Arizona at ./scripts/parse_schedule.pl line 60, <CSV> line 21.
No stats for Western Illinois - skipping Arkansas vs Western Illinois at ./scripts/parse_schedule.pl line 60, <CSV> line 22.
No stats for Idaho State - skipping Boise State vs Idaho State at ./scripts/parse_schedule.pl line 60, <CSV> line 25.
No stats for Northern Iowa - skipping Brigham Young vs Northern Iowa at ./scripts/parse_schedule.pl line 60, <CSV> line 28.
No stats for Cal Poly - skipping Cal Poly vs San Diego State at ./scripts/parse_schedule.pl line 56, <CSV> line 29.
No stats for South Carolina State - skipping Central Florida vs South Carolina State at ./scripts/parse_schedule.pl line 60, <CSV> line 31.
No stats for James Madison - skipping Duke vs James Madison at ./scripts/parse_schedule.pl line 60, <CSV> line 32.
No stats for Georgia Southern - skipping Georgia vs Georgia Southern at ./scripts/parse_schedule.pl line 60, <CSV> line 35.
No stats for Southern - skipping Houston vs Southern at ./scripts/parse_schedule.pl line 60, <CSV> line 36.
No stats for Maine - skipping Iowa vs Maine at ./scripts/parse_schedule.pl line 60, <CSV> line 38.
No stats for Appalachian State - skipping Louisiana State vs Appalachian State at ./scripts/parse_schedule.pl line 60, <CSV> line 41.
No stats for Illinois State - skipping Marshall vs Illinois State at ./scripts/parse_schedule.pl line 60, <CSV> line 43.
No stats for Delaware - skipping Maryland vs Delaware at ./scripts/parse_schedule.pl line 60, <CSV> line 44.
No stats for Towson - skipping Navy vs Towson at ./scripts/parse_schedule.pl line 60, <CSV> line 48.
No stats for Grambling State - skipping Nevada vs Grambling State at ./scripts/parse_schedule.pl line 60, <CSV> line 50.
No stats for McNeese State - skipping North Carolina vs McNeese State at ./scripts/parse_schedule.pl line 60, <CSV> line 52.
No stats for Youngstown State - skipping Ohio State vs Youngstown State at ./scripts/parse_schedule.pl line 60, <CSV> line 54.
No stats for Chattanooga - skipping Oklahoma vs Chattanooga at ./scripts/parse_schedule.pl line 60, <CSV> line 55.
No stats for Coastal Carolina - skipping Penn State vs Coastal Carolina at ./scripts/parse_schedule.pl line 60, <CSV> line 58.
No stats for California-Davis - skipping San Jose State vs California-Davis at ./scripts/parse_schedule.pl line 60, <CSV> line 59.
No stats for Tennessee-Martin - skipping South Florida vs Tennessee-Martin at ./scripts/parse_schedule.pl line 60, <CSV> line 60.
No stats for Eastern Washington - skipping Texas Tech vs Eastern Washington at ./scripts/parse_schedule.pl line 60, <CSV> line 65.
No stats for Villanova - skipping West Virginia vs Villanova at ./scripts/parse_schedule.pl line 60, <CSV> line 68.
No stats for Texas Southern - skipping Arkansas State vs Texas Southern at ./scripts/parse_schedule.pl line 60, <CSV> line 84.
No stats for Northwestern State - skipping Baylor vs Northwestern State at ./scripts/parse_schedule.pl line 60, <CSV> line 86.
No stats for Citadel - skipping Clemson vs Citadel at ./scripts/parse_schedule.pl line 60, <CSV> line 89.
No stats for Eastern Washington - skipping Colorado vs Eastern Washington at ./scripts/parse_schedule.pl line 60, <CSV> line 90.
No stats for Sacramento State - skipping Colorado State vs Sacramento State at ./scripts/parse_schedule.pl line 60, <CSV> line 91.
No stats for Western Carolina - skipping Florida State vs Western Carolina at ./scripts/parse_schedule.pl line 60, <CSV> line 96.
No stats for Weber State - skipping Hawaii vs Weber State at ./scripts/parse_schedule.pl line 60, <CSV> line 99.
No stats for Idaho State - skipping Idaho vs Idaho State at ./scripts/parse_schedule.pl line 60, <CSV> line 100.
No stats for Eastern Illinois - skipping Illinois vs Eastern Illinois at ./scripts/parse_schedule.pl line 60, <CSV> line 101.
No stats for Murray State - skipping Indiana vs Murray State at ./scripts/parse_schedule.pl line 60, <CSV> line 102.
No stats for Montana State - skipping Kansas State vs Montana State at ./scripts/parse_schedule.pl line 60, <CSV> line 106.
No stats for Norfolk State - skipping Kentucky vs Norfolk State at ./scripts/parse_schedule.pl line 60, <CSV> line 107.
No stats for Tennessee Tech - skipping Louisville vs Tennessee Tech at ./scripts/parse_schedule.pl line 60, <CSV> line 108.
No stats for Southeastern Louisiana - skipping Mississippi State vs Southeastern Louisiana at ./scripts/parse_schedule.pl line 60, <CSV> line 113.
No stats for Southeast Missouri State - skipping Missouri vs Southeast Missouri State at ./scripts/parse_schedule.pl line 60, <CSV> line 114.
No stats for New Hampshire - skipping New Hampshire vs Army at ./scripts/parse_schedule.pl line 56, <CSV> line 116.
No stats for William & Mary - skipping North Carolina State vs William & Mary at ./scripts/parse_schedule.pl line 60, <CSV> line 117.
No stats for Northern Colorado - skipping Purdue vs Northern Colorado at ./scripts/parse_schedule.pl line 60, <CSV> line 126.
No stats for Texas State - skipping Southern Methodist vs Texas State at ./scripts/parse_schedule.pl line 60, <CSV> line 129.
No stats for Stephen F. Austin - skipping Texas Christian vs Stephen F. Austin at ./scripts/parse_schedule.pl line 60, <CSV> line 132.
No stats for Richmond - skipping Virginia vs Richmond at ./scripts/parse_schedule.pl line 60, <CSV> line 136.
No stats for Furman - skipping Virginia Tech vs Furman at ./scripts/parse_schedule.pl line 60, <CSV> line 137.
No stats for Eastern Kentucky - skipping Western Kentucky vs Eastern Kentucky at ./scripts/parse_schedule.pl line 60, <CSV> line 139.
No stats for Alabama A&M - skipping Louisiana-Monroe vs Alabama A&M at ./scripts/parse_schedule.pl line 60, <CSV> line 145.
No stats for Chattanooga - skipping Florida State vs Chattanooga at ./scripts/parse_schedule.pl line 60, <CSV> line 159.
No stats for Delaware State - skipping Kent State vs Delaware State at ./scripts/parse_schedule.pl line 60, <CSV> line 163.
No stats for Charleston Southern - skipping Miami (OH) vs Charleston Southern at ./scripts/parse_schedule.pl line 60, <CSV> line 168.
No stats for Montana State - skipping Minnesota vs Montana State at ./scripts/parse_schedule.pl line 60, <CSV> line 170.
No stats for Samford - skipping Mississippi vs Samford at ./scripts/parse_schedule.pl line 60, <CSV> line 171.
No stats for Southern Illinois - skipping Northwestern vs Southern Illinois at ./scripts/parse_schedule.pl line 60, <CSV> line 176.
No stats for Missouri State - skipping Oklahoma State vs Missouri State at ./scripts/parse_schedule.pl line 60, <CSV> line 179.
No stats for Alcorn State - skipping Troy vs Alcorn State at ./scripts/parse_schedule.pl line 60, <CSV> line 190.
No stats for North Dakota State - skipping Wyoming vs North Dakota State at ./scripts/parse_schedule.pl line 60, <CSV> line 196.
No stats for Alabama State - skipping Alabama-Birmingham vs Alabama State at ./scripts/parse_schedule.pl line 60, <CSV> line 203.
No stats for South Carolina State - skipping Clemson vs South Carolina State at ./scripts/parse_schedule.pl line 60, <CSV> line 211.
No stats for Sam Houston State - skipping Kansas vs Sam Houston State at ./scripts/parse_schedule.pl line 60, <CSV> line 217.
No stats for Southeastern Louisiana - skipping Louisiana Tech vs Southeastern Louisiana at ./scripts/parse_schedule.pl line 60, <CSV> line 219.
No stats for Nicholls State - skipping Memphis vs Nicholls State at ./scripts/parse_schedule.pl line 60, <CSV> line 223.
No stats for Indiana State - skipping Northern Illinois vs Indiana State at ./scripts/parse_schedule.pl line 60, <CSV> line 232.
No stats for Wofford - skipping South Carolina vs Wofford at ./scripts/parse_schedule.pl line 60, <CSV> line 238.
No stats for Northeastern - skipping Syracuse vs Northeastern at ./scripts/parse_schedule.pl line 60, <CSV> line 241.
No stats for Massachusetts - skipping Texas Tech vs Massachusetts at ./scripts/parse_schedule.pl line 60, <CSV> line 244.
No stats for Portland State - skipping Washington State vs Portland State at ./scripts/parse_schedule.pl line 60, <CSV> line 252.
No stats for Murray State - skipping Western Kentucky vs Murray State at ./scripts/parse_schedule.pl line 60, <CSV> line 253.
No stats for Tennessee Tech - skipping Western Michigan vs Tennessee Tech at ./scripts/parse_schedule.pl line 60, <CSV> line 254.
No stats for Rhode Island - skipping Boston College vs Rhode Island at ./scripts/parse_schedule.pl line 60, <CSV> line 262.
No stats for Virginia Military Institute - skipping Ohio vs Virginia Military Institute at ./scripts/parse_schedule.pl line 60, <CSV> line 287.
No stats for Morgan State - skipping Rutgers vs Morgan State at ./scripts/parse_schedule.pl line 60, <CSV> line 295.
No stats for Central Arkansas - skipping Tulsa vs Central Arkansas at ./scripts/parse_schedule.pl line 60, <CSV> line 304.
No stats for Weber State - skipping Utah vs Weber State at ./scripts/parse_schedule.pl line 60, <CSV> line 305.
No stats for Alcorn State - skipping New Mexico State vs Alcorn State at ./scripts/parse_schedule.pl line 60, <CSV> line 341.
No stats for Gardner-Webb - skipping Georgia Tech vs Gardner-Webb at ./scripts/parse_schedule.pl line 60, <CSV> line 383.
No stats for Tennessee-Martin - skipping Auburn vs Tennessee-Martin at ./scripts/parse_schedule.pl line 60, <CSV> line 582.
No stats for Citadel - skipping Florida vs Citadel at ./scripts/parse_schedule.pl line 60, <CSV> line 693.
No stats for Cal Poly - skipping Wisconsin vs Cal Poly at ./scripts/parse_schedule.pl line 60, <CSV> line 725.
