No stats for Weber State - skipping Boise State vs Weber State at ./scripts/parse_schedule.pl line 60, <CSV> line 2.
No stats for Southeast Missouri State - skipping Cincinnati vs Southeast Missouri State at ./scripts/parse_schedule.pl line 60, <CSV> line 3.
No stats for Murray State - skipping Louisville vs Murray State at ./scripts/parse_schedule.pl line 60, <CSV> line 6.
No stats for Southeastern Louisiana - skipping New Mexico State vs Southeastern Louisiana at ./scripts/parse_schedule.pl line 60, <CSV> line 9.
No stats for South Carolina State - skipping Air Force vs South Carolina State at ./scripts/parse_schedule.pl line 60, <CSV> line 15.
No stats for Western Carolina - skipping Alabama vs Western Carolina at ./scripts/parse_schedule.pl line 60, <CSV> line 17.
No stats for Appalachian State - skipping Appalachian State vs Michigan at ./scripts/parse_schedule.pl line 56, <CSV> line 18.
No stats for Sacramento State - skipping Fresno State vs Sacramento State at ./scripts/parse_schedule.pl line 60, <CSV> line 31.
No stats for Northern Colorado - skipping Hawaii vs Northern Colorado at ./scripts/parse_schedule.pl line 60, <CSV> line 34.
No stats for Indiana State - skipping Indiana vs Indiana State at ./scripts/parse_schedule.pl line 60, <CSV> line 35.
No stats for Eastern Kentucky - skipping Kentucky vs Eastern Kentucky at ./scripts/parse_schedule.pl line 60, <CSV> line 38.
No stats for Central Arkansas - skipping Louisiana Tech vs Central Arkansas at ./scripts/parse_schedule.pl line 60, <CSV> line 39.
No stats for Villanova - skipping Maryland vs Villanova at ./scripts/parse_schedule.pl line 60, <CSV> line 40.
No stats for Nicholls State - skipping Nicholls State vs Rice at ./scripts/parse_schedule.pl line 56, <CSV> line 46.
No stats for James Madison - skipping North Carolina vs James Madison at ./scripts/parse_schedule.pl line 60, <CSV> line 47.
No stats for Northeastern - skipping Northwestern vs Northeastern at ./scripts/parse_schedule.pl line 60, <CSV> line 48.
No stats for Gardner-Webb - skipping Ohio vs Gardner-Webb at ./scripts/parse_schedule.pl line 60, <CSV> line 49.
No stats for Youngstown State - skipping Ohio State vs Youngstown State at ./scripts/parse_schedule.pl line 60, <CSV> line 50.
No stats for Elon - skipping South Florida vs Elon at ./scripts/parse_schedule.pl line 60, <CSV> line 57.
No stats for Tennessee-Martin - skipping Southern Mississippi vs Tennessee-Martin at ./scripts/parse_schedule.pl line 60, <CSV> line 59.
No stats for Montana State - skipping Texas A&M vs Montana State at ./scripts/parse_schedule.pl line 60, <CSV> line 61.
No stats for Richmond - skipping Vanderbilt vs Richmond at ./scripts/parse_schedule.pl line 60, <CSV> line 65.
No stats for Northern Arizona - skipping Arizona vs Northern Arizona at ./scripts/parse_schedule.pl line 60, <CSV> line 78.
No stats for Rhode Island - skipping Army vs Rhode Island at ./scripts/parse_schedule.pl line 60, <CSV> line 80.
No stats for Maine - skipping Connecticut vs Maine at ./scripts/parse_schedule.pl line 60, <CSV> line 88.
No stats for Samford - skipping Georgia Tech vs Samford at ./scripts/parse_schedule.pl line 60, <CSV> line 92.
No stats for Cal Poly - skipping Idaho vs Cal Poly at ./scripts/parse_schedule.pl line 60, <CSV> line 94.
No stats for Western Illinois - skipping Illinois vs Western Illinois at ./scripts/parse_schedule.pl line 60, <CSV> line 95.
No stats for Southeastern Louisiana - skipping Kansas vs Southeastern Louisiana at ./scripts/parse_schedule.pl line 60, <CSV> line 98.
No stats for Northern Iowa - skipping Northern Iowa vs Iowa State at ./scripts/parse_schedule.pl line 56, <CSV> line 109.
No stats for Grambling State - skipping Pittsburgh vs Grambling State at ./scripts/parse_schedule.pl line 60, <CSV> line 117.
No stats for Eastern Illinois - skipping Purdue vs Eastern Illinois at ./scripts/parse_schedule.pl line 60, <CSV> line 118.
No stats for Southern Illinois - skipping Southern Illinois vs Northern Illinois at ./scripts/parse_schedule.pl line 56, <CSV> line 121.
No stats for West Virginia Tech - skipping Western Kentucky vs West Virginia Tech at ./scripts/parse_schedule.pl line 60, <CSV> line 132.
No stats for Alcorn State - skipping Alabama-Birmingham vs Alcorn State at ./scripts/parse_schedule.pl line 60, <CSV> line 140.
No stats for Texas State - skipping Baylor vs Texas State at ./scripts/parse_schedule.pl line 60, <CSV> line 144.
No stats for Furman - skipping Clemson vs Furman at ./scripts/parse_schedule.pl line 60, <CSV> line 149.
No stats for Western Carolina - skipping Georgia vs Western Carolina at ./scripts/parse_schedule.pl line 60, <CSV> line 156.
No stats for Missouri State - skipping Kansas State vs Missouri State at ./scripts/parse_schedule.pl line 60, <CSV> line 163.
No stats for Delaware State - skipping Kent State vs Delaware State at ./scripts/parse_schedule.pl line 60, <CSV> line 164.
No stats for McNeese State - skipping McNeese State vs Louisiana-Lafayette at ./scripts/parse_schedule.pl line 56, <CSV> line 167.
No stats for Jacksonville State - skipping Memphis vs Jacksonville State at ./scripts/parse_schedule.pl line 60, <CSV> line 168.
No stats for Nicholls State - skipping Nevada vs Nicholls State at ./scripts/parse_schedule.pl line 60, <CSV> line 174.
No stats for New Hampshire - skipping New Hampshire vs Marshall at ./scripts/parse_schedule.pl line 56, <CSV> line 175.
No stats for Wofford - skipping North Carolina State vs Wofford at ./scripts/parse_schedule.pl line 60, <CSV> line 178.
No stats for Idaho State - skipping Oregon State vs Idaho State at ./scripts/parse_schedule.pl line 60, <CSV> line 182.
No stats for Norfolk State - skipping Rutgers vs Norfolk State at ./scripts/parse_schedule.pl line 60, <CSV> line 185.
No stats for South Carolina State - skipping South Carolina vs South Carolina State at ./scripts/parse_schedule.pl line 60, <CSV> line 186.
No stats for Eastern Kentucky - skipping Western Kentucky vs Eastern Kentucky at ./scripts/parse_schedule.pl line 60, <CSV> line 200.
No stats for Citadel - skipping Wisconsin vs Citadel at ./scripts/parse_schedule.pl line 60, <CSV> line 201.
No stats for Howard - skipping Eastern Michigan vs Howard at ./scripts/parse_schedule.pl line 60, <CSV> line 219.
No stats for Charleston Southern - skipping Hawaii vs Charleston Southern at ./scripts/parse_schedule.pl line 60, <CSV> line 223.
No stats for Gardner-Webb - skipping Mississippi State vs Gardner-Webb at ./scripts/parse_schedule.pl line 60, <CSV> line 231.
No stats for Illinois State - skipping Missouri vs Illinois State at ./scripts/parse_schedule.pl line 60, <CSV> line 232.
No stats for Sacramento State - skipping New Mexico vs Sacramento State at ./scripts/parse_schedule.pl line 60, <CSV> line 236.
No stats for North Dakota State - skipping North Dakota State vs Central Michigan at ./scripts/parse_schedule.pl line 56, <CSV> line 237.
No stats for Portland State - skipping San Diego State vs Portland State at ./scripts/parse_schedule.pl line 60, <CSV> line 243.
No stats for Texas Southern - skipping Texas-El Paso vs Texas Southern at ./scripts/parse_schedule.pl line 60, <CSV> line 251.
No stats for Southeastern Louisiana - skipping Tulane vs Southeastern Louisiana at ./scripts/parse_schedule.pl line 60, <CSV> line 254.
No stats for William & Mary - skipping Virginia Tech vs William & Mary at ./scripts/parse_schedule.pl line 60, <CSV> line 257.
No stats for Central Connecticut State - skipping Western Michigan vs Central Connecticut State at ./scripts/parse_schedule.pl line 60, <CSV> line 260.
No stats for Massachusetts - skipping Boston College vs Massachusetts at ./scripts/parse_schedule.pl line 60, <CSV> line 273.
No stats for Arkansas-Pine Bluff - skipping New Mexico State vs Arkansas-Pine Bluff at ./scripts/parse_schedule.pl line 60, <CSV> line 303.
No stats for Sam Houston State - skipping Oklahoma State vs Sam Houston State at ./scripts/parse_schedule.pl line 60, <CSV> line 305.
No stats for California-Davis - skipping San Jose State vs California-Davis at ./scripts/parse_schedule.pl line 60, <CSV> line 307.
No stats for Northwestern State - skipping Texas Tech vs Northwestern State at ./scripts/parse_schedule.pl line 60, <CSV> line 312.
No stats for Chattanooga - skipping Arkansas vs Chattanooga at ./scripts/parse_schedule.pl line 60, <CSV> line 332.
No stats for Liberty - skipping Toledo vs Liberty at ./scripts/parse_schedule.pl line 60, <CSV> line 372.
No stats for Eastern Washington - skipping Brigham Young vs Eastern Washington at ./scripts/parse_schedule.pl line 60, <CSV> line 447.
No stats for North Dakota State - skipping North Dakota State vs Minnesota at ./scripts/parse_schedule.pl line 56, <CSV> line 468.
No stats for Indiana State - skipping Western Kentucky vs Indiana State at ./scripts/parse_schedule.pl line 60, <CSV> line 490.
No stats for Delaware - skipping Delaware vs Navy at ./scripts/parse_schedule.pl line 56, <CSV> line 506.
No stats for North Carolina Central - skipping Western Kentucky vs North Carolina Central at ./scripts/parse_schedule.pl line 60, <CSV> line 543.
No stats for Tennessee Tech - skipping Auburn vs Tennessee Tech at ./scripts/parse_schedule.pl line 60, <CSV> line 556.
No stats for Northwestern State - skipping Mississippi vs Northwestern State at ./scripts/parse_schedule.pl line 60, <CSV> line 579.
No stats for Chattanooga - skipping Western Kentucky vs Chattanooga at ./scripts/parse_schedule.pl line 60, <CSV> line 601.
No stats for Grambling State - skipping Louisiana-Monroe vs Grambling State at ./scripts/parse_schedule.pl line 60, <CSV> line 628.
No stats for Georgia Southern - skipping Colorado State vs Georgia Southern at ./scripts/parse_schedule.pl line 60, <CSV> line 673.
No stats for Morehead State - skipping Western Kentucky vs Morehead State at ./scripts/parse_schedule.pl line 60, <CSV> line 710.
No stats for Texas Southern - skipping Houston vs Texas Southern at ./scripts/parse_schedule.pl line 60, <CSV> line 737.
